{
  "RSpec": {
    "coverage": {
      "/Users/raylenesmith/Desktop/Projects/bank-tech-test/spec/account_spec.rb": [
        1,
        null,
        1,
        1,
        1,
        null,
        null,
        1,
        1,
        null,
        null,
        1,
        1,
        1,
        1,
        null,
        null,
        1,
        1,
        1,
        null,
        null,
        null,
        1,
        1,
        1,
        1,
        1,
        null,
        null,
        1,
        1,
        1,
        null,
        null,
        null,
        1,
        1,
        1,
        null,
        null,
        null
      ],
      "/Users/raylenesmith/Desktop/Projects/bank-tech-test/lib/account.rb": [
        1,
        1,
        null,
        1,
        1,
        8,
        8,
        null,
        null,
        1,
        null,
        1,
        4,
        4,
        null,
        null,
        1,
        2,
        2,
        null,
        null,
        1,
        1,
        null,
        null
      ],
      "/Users/raylenesmith/Desktop/Projects/bank-tech-test/lib/statement.rb": [
        1,
        1,
        3,
        null,
        null,
        1,
        null,
        1,
        1,
        1,
        1,
        null,
        null,
        null
      ],
      "/Users/raylenesmith/Desktop/Projects/bank-tech-test/lib/transaction.rb": [
        1,
        1,
        10,
        10,
        10,
        10,
        null,
        null,
        1,
        null
      ],
      "/Users/raylenesmith/Desktop/Projects/bank-tech-test/spec/statement_spec.rb": [
        1,
        null,
        1,
        1,
        1,
        1,
        null,
        null,
        1,
        1,
        1,
        1,
        1,
        2,
        null,
        null,
        null,
        null,
        null,
        null
      ],
      "/Users/raylenesmith/Desktop/Projects/bank-tech-test/spec/transaction_spec.rb": [
        1,
        1,
        1,
        1,
        null,
        null,
        1,
        1,
        1,
        null,
        null,
        1,
        1,
        1,
        null,
        null,
        1,
        1,
        1,
        null,
        null,
        null
      ]
    },
    "timestamp": 1543846865
  }
}
